  [1m[35m (0.1ms)[0m  [1m[34mSELECT sqlite_version(*)[0m
  [1m[35m (1.7ms)[0m  [1m[35mCREATE TABLE "schema_migrations" ("version" varchar NOT NULL PRIMARY KEY)[0m
  [1m[35m (1.0ms)[0m  [1m[35mCREATE TABLE "ar_internal_metadata" ("key" varchar NOT NULL PRIMARY KEY, "value" varchar, "created_at" datetime NOT NULL, "updated_at" datetime NOT NULL)[0m
  [1m[35m (0.1ms)[0m  [1m[34mSELECT "schema_migrations"."version" FROM "schema_migrations" ORDER BY "schema_migrations"."version" ASC[0m
Migrating to CreateBooks (20191108015527)
  [1m[35m (0.1ms)[0m  [1m[36mbegin transaction[0m
  [1m[35m (0.4ms)[0m  [1m[35mCREATE TABLE "books" ("id" INTEGER PRIMARY KEY AUTOINCREMENT NOT NULL, "title" varchar, "memo" text, "created_at" datetime NOT NULL, "updated_at" datetime NOT NULL)[0m
  [1m[35mSQL (0.2ms)[0m  [1m[32mINSERT INTO "schema_migrations" ("version") VALUES (?)[0m  [["version", "20191108015527"]]
  [1m[35m (0.8ms)[0m  [1m[36mcommit transaction[0m
  [1m[36mActiveRecord::InternalMetadata Load (0.1ms)[0m  [1m[34mSELECT  "ar_internal_metadata".* FROM "ar_internal_metadata" WHERE "ar_internal_metadata"."key" = ? LIMIT ?[0m  [["key", "environment"], ["LIMIT", 1]]
  [1m[35m (0.0ms)[0m  [1m[36mbegin transaction[0m
  [1m[35mSQL (0.3ms)[0m  [1m[32mINSERT INTO "ar_internal_metadata" ("key", "value", "created_at", "updated_at") VALUES (?, ?, ?, ?)[0m  [["key", "environment"], ["value", "development"], ["created_at", "2019-11-08 01:56:15.870194"], ["updated_at", "2019-11-08 01:56:15.870194"]]
  [1m[35m (0.7ms)[0m  [1m[36mcommit transaction[0m
  [1m[35m (0.1ms)[0m  [1m[34mSELECT "schema_migrations"."version" FROM "schema_migrations" ORDER BY "schema_migrations"."version" ASC[0m
Started GET "/books" for ::1 at 2019-11-08 10:57:05 +0900
  [1m[35m (0.1ms)[0m  [1m[34mSELECT "schema_migrations"."version" FROM "schema_migrations" ORDER BY "schema_migrations"."version" ASC[0m
Processing by BooksController#index as HTML
  Rendering books/index.html.erb within layouts/application
  [1m[36mBook Load (0.2ms)[0m  [1m[34mSELECT "books".* FROM "books"[0m
  Rendered books/index.html.erb within layouts/application (4.0ms)
Completed 200 OK in 657ms (Views: 634.4ms | ActiveRecord: 0.4ms)


Started GET "/books/new" for ::1 at 2019-11-08 10:57:19 +0900
Processing by BooksController#new as HTML
  Rendering books/new.html.erb within layouts/application
  Rendered books/_form.html.erb (43.1ms)
  Rendered books/new.html.erb within layouts/application (46.8ms)
Completed 200 OK in 82ms (Views: 65.9ms | ActiveRecord: 0.9ms)


Started POST "/books" for ::1 at 2019-11-08 10:58:04 +0900
Processing by BooksController#create as HTML
  Parameters: {"utf8"=>"âœ“", "authenticity_token"=>"DGHuV+JTzy9OrYTLyQvCX/QmEXhEQRjhxnaxYVK9jwm826HpHWrFqrUbfwq0Wq0uR0JRfBKyrYvjUUcPSaQ/wQ==", "book"=>{"title"=>"æœ‰ã‚Šé‡‘ã¯å…¨éƒ¨æ¨ã¦ã‚", "memo"=>"ãƒ›ãƒªã‚¨ãƒ¢ãƒ³ã®æœ¬ã‚„ã§ã€‚"}, "commit"=>"Create Book"}
  [1m[35m (0.1ms)[0m  [1m[36mbegin transaction[0m
  [1m[35mSQL (1.9ms)[0m  [1m[32mINSERT INTO "books" ("title", "memo", "created_at", "updated_at") VALUES (?, ?, ?, ?)[0m  [["title", "æœ‰ã‚Šé‡‘ã¯å…¨éƒ¨æ¨ã¦ã‚"], ["memo", "ãƒ›ãƒªã‚¨ãƒ¢ãƒ³ã®æœ¬ã‚„ã§ã€‚"], ["created_at", "2019-11-08 01:58:04.607468"], ["updated_at", "2019-11-08 01:58:04.607468"]]
  [1m[35m (1.0ms)[0m  [1m[36mcommit transaction[0m
Redirected to http://localhost:3000/books/1
Completed 302 Found in 12ms (ActiveRecord: 2.9ms)


Started GET "/books/1" for ::1 at 2019-11-08 10:58:04 +0900
Processing by BooksController#show as HTML
  Parameters: {"id"=>"1"}
  [1m[36mBook Load (0.2ms)[0m  [1m[34mSELECT  "books".* FROM "books" WHERE "books"."id" = ? LIMIT ?[0m  [["id", 1], ["LIMIT", 1]]
  Rendering books/show.html.erb within layouts/application
  Rendered books/show.html.erb within layouts/application (2.0ms)
Completed 200 OK in 57ms (Views: 45.4ms | ActiveRecord: 0.2ms)


Started GET "/books/1/edit" for ::1 at 2019-11-08 11:19:34 +0900
Processing by BooksController#edit as HTML
  Parameters: {"id"=>"1"}
  [1m[36mBook Load (0.2ms)[0m  [1m[34mSELECT  "books".* FROM "books" WHERE "books"."id" = ? LIMIT ?[0m  [["id", 1], ["LIMIT", 1]]
  Rendering books/edit.html.erb within layouts/application
  Rendered books/_form.html.erb (2.9ms)
  Rendered books/edit.html.erb within layouts/application (4.8ms)
Completed 200 OK in 20ms (Views: 17.0ms | ActiveRecord: 0.2ms)


Started PATCH "/books/1" for ::1 at 2019-11-08 11:19:39 +0900
Processing by BooksController#update as HTML
  Parameters: {"utf8"=>"âœ“", "authenticity_token"=>"iPk/juaYZTyuNygSUudbPteHDBiVogDnwNJ8o2vYt2nwk6OKOfvcLQiqCPH5GF1AXoofWDDaVsMwl+iPyOFMEg==", "book"=>{"title"=>"æœ‰ã‚Šé‡‘ã¯å…¨éƒ¨æ¨ã¦ã‚", "memo"=>"ãƒ›ãƒªã‚¨ãƒ¢ãƒ³ã®æœ¬ã‚„ã§ã€‚ï¼’"}, "commit"=>"Update Book", "id"=>"1"}
  [1m[36mBook Load (0.2ms)[0m  [1m[34mSELECT  "books".* FROM "books" WHERE "books"."id" = ? LIMIT ?[0m  [["id", 1], ["LIMIT", 1]]
  [1m[35m (0.1ms)[0m  [1m[36mbegin transaction[0m
  [1m[35mSQL (1.3ms)[0m  [1m[33mUPDATE "books" SET "memo" = ?, "updated_at" = ? WHERE "books"."id" = ?[0m  [["memo", "ãƒ›ãƒªã‚¨ãƒ¢ãƒ³ã®æœ¬ã‚„ã§ã€‚ï¼’"], ["updated_at", "2019-11-08 02:19:39.660399"], ["id", 1]]
  [1m[35m (1.7ms)[0m  [1m[36mcommit transaction[0m
Redirected to http://localhost:3000/books/1
Completed 302 Found in 13ms (ActiveRecord: 3.4ms)


Started GET "/books/1" for ::1 at 2019-11-08 11:19:39 +0900
Processing by BooksController#show as HTML
  Parameters: {"id"=>"1"}
  [1m[36mBook Load (0.1ms)[0m  [1m[34mSELECT  "books".* FROM "books" WHERE "books"."id" = ? LIMIT ?[0m  [["id", 1], ["LIMIT", 1]]
  Rendering books/show.html.erb within layouts/application
  Rendered books/show.html.erb within layouts/application (2.4ms)
Completed 200 OK in 15ms (Views: 14.0ms | ActiveRecord: 0.1ms)


Started GET "/books" for ::1 at 2019-11-08 11:19:41 +0900
Processing by BooksController#index as HTML
  Rendering books/index.html.erb within layouts/application
  [1m[36mBook Load (0.2ms)[0m  [1m[34mSELECT "books".* FROM "books"[0m
  Rendered books/index.html.erb within layouts/application (1.7ms)
Completed 200 OK in 18ms (Views: 16.4ms | ActiveRecord: 0.2ms)


Started GET "/books/1" for ::1 at 2019-11-08 11:19:47 +0900
Processing by BooksController#show as HTML
  Parameters: {"id"=>"1"}
  [1m[36mBook Load (1.8ms)[0m  [1m[34mSELECT  "books".* FROM "books" WHERE "books"."id" = ? LIMIT ?[0m  [["id", 1], ["LIMIT", 1]]
  Rendering books/show.html.erb within layouts/application
  Rendered books/show.html.erb within layouts/application (2.4ms)
Completed 200 OK in 21ms (Views: 13.9ms | ActiveRecord: 1.8ms)


Started GET "/books" for ::1 at 2019-11-08 11:19:50 +0900
Processing by BooksController#index as HTML
  Rendering books/index.html.erb within layouts/application
  [1m[36mBook Load (2.0ms)[0m  [1m[34mSELECT "books".* FROM "books"[0m
  Rendered books/index.html.erb within layouts/application (3.3ms)
Completed 200 OK in 17ms (Views: 13.3ms | ActiveRecord: 2.0ms)


Started GET "/books/new" for ::1 at 2019-11-08 11:19:51 +0900
Processing by BooksController#new as HTML
  Rendering books/new.html.erb within layouts/application
  Rendered books/_form.html.erb (2.6ms)
  Rendered books/new.html.erb within layouts/application (4.5ms)
Completed 200 OK in 19ms (Views: 16.9ms | ActiveRecord: 0.0ms)


Started POST "/books" for ::1 at 2019-11-08 11:20:24 +0900
Processing by BooksController#create as HTML
  Parameters: {"utf8"=>"âœ“", "authenticity_token"=>"+8YvOjqaimVobGCsfhUU5updQm5m8mxKH1KD3w4XJZNLfGCExaOA4JPam20DRHuXWTkCajAB2SA6dXWxFQ6VWw==", "book"=>{"title"=>"å¤šå‹•åŠ›", "memo"=>"äºŒæ—¥ãã‚‰ã„ã¯ã‚„ã‚‹æ°—ãŒç¶šãã€‚"}, "commit"=>"Create Book"}
  [1m[35m (0.4ms)[0m  [1m[36mbegin transaction[0m
  [1m[35mSQL (0.9ms)[0m  [1m[32mINSERT INTO "books" ("title", "memo", "created_at", "updated_at") VALUES (?, ?, ?, ?)[0m  [["title", "å¤šå‹•åŠ›"], ["memo", "äºŒæ—¥ãã‚‰ã„ã¯ã‚„ã‚‹æ°—ãŒç¶šãã€‚"], ["created_at", "2019-11-08 02:20:24.799379"], ["updated_at", "2019-11-08 02:20:24.799379"]]
  [1m[35m (2.7ms)[0m  [1m[36mcommit transaction[0m
Redirected to http://localhost:3000/books/2
Completed 302 Found in 10ms (ActiveRecord: 4.0ms)


Started GET "/books/2" for ::1 at 2019-11-08 11:20:24 +0900
Processing by BooksController#show as HTML
  Parameters: {"id"=>"2"}
  [1m[36mBook Load (0.1ms)[0m  [1m[34mSELECT  "books".* FROM "books" WHERE "books"."id" = ? LIMIT ?[0m  [["id", 2], ["LIMIT", 1]]
  Rendering books/show.html.erb within layouts/application
  Rendered books/show.html.erb within layouts/application (0.6ms)
Completed 200 OK in 15ms (Views: 13.4ms | ActiveRecord: 0.1ms)


Started GET "/books" for ::1 at 2019-11-08 11:20:26 +0900
Processing by BooksController#index as HTML
  Rendering books/index.html.erb within layouts/application
  [1m[36mBook Load (0.2ms)[0m  [1m[34mSELECT "books".* FROM "books"[0m
  Rendered books/index.html.erb within layouts/application (2.5ms)
Completed 200 OK in 18ms (Views: 16.7ms | ActiveRecord: 0.2ms)


  [1m[35m (0.1ms)[0m  [1m[36mbegin transaction[0m
  [1m[35mSQL (0.7ms)[0m  [1m[32mINSERT INTO "books" ("title", "memo", "created_at", "updated_at") VALUES (?, ?, ?, ?)[0m  [["title", "some title"], ["memo", "some memo"], ["created_at", "2019-11-15 01:35:51.744852"], ["updated_at", "2019-11-15 01:35:51.744852"]]
  [1m[35m (0.8ms)[0m  [1m[36mcommit transaction[0m
Started GET "/books" for ::1 at 2019-11-15 10:37:05 +0900
  [1m[35m (0.1ms)[0m  [1m[34mSELECT "schema_migrations"."version" FROM "schema_migrations" ORDER BY "schema_migrations"."version" ASC[0m
Processing by BooksController#index as HTML
  Rendering books/index.html.erb within layouts/application
  [1m[36mBook Load (0.2ms)[0m  [1m[34mSELECT "books".* FROM "books"[0m
  Rendered books/index.html.erb within layouts/application (8.3ms)
Completed 200 OK in 632ms (Views: 610.4ms | ActiveRecord: 0.6ms)


Started GET "/books/1/edit" for ::1 at 2019-11-15 10:37:29 +0900
Processing by BooksController#edit as HTML
  Parameters: {"id"=>"1"}
  [1m[36mBook Load (0.4ms)[0m  [1m[34mSELECT  "books".* FROM "books" WHERE "books"."id" = ? LIMIT ?[0m  [["id", 1], ["LIMIT", 1]]
  Rendering books/edit.html.erb within layouts/application
  Rendered books/_form.html.erb (175.1ms)
  Rendered books/edit.html.erb within layouts/application (179.8ms)
Completed 200 OK in 203ms (Views: 194.1ms | ActiveRecord: 0.4ms)


Started PATCH "/books/1" for ::1 at 2019-11-15 10:37:35 +0900
Processing by BooksController#update as HTML
  Parameters: {"utf8"=>"âœ“", "authenticity_token"=>"//gTmbet9UsyZS/XJQQjWjH4XrQFrjvokJtsaJUaJeyHko+daM5MWpT4DzSO+yUkuPVN9KDWbcxg3vhENiPelw==", "book"=>{"title"=>"æœ‰ã‚Šé‡‘ã¯å…¨éƒ¨æ¨ã¦ã‚", "memo"=>"ãƒ›ãƒªã‚¨ãƒ¢ãƒ³ã®æœ¬ã‚„ã§ã€‚"}, "commit"=>"Update Book", "id"=>"1"}
  [1m[36mBook Load (0.1ms)[0m  [1m[34mSELECT  "books".* FROM "books" WHERE "books"."id" = ? LIMIT ?[0m  [["id", 1], ["LIMIT", 1]]
  [1m[35m (0.0ms)[0m  [1m[36mbegin transaction[0m
  [1m[35mSQL (0.4ms)[0m  [1m[33mUPDATE "books" SET "memo" = ?, "updated_at" = ? WHERE "books"."id" = ?[0m  [["memo", "ãƒ›ãƒªã‚¨ãƒ¢ãƒ³ã®æœ¬ã‚„ã§ã€‚"], ["updated_at", "2019-11-15 01:37:35.286229"], ["id", 1]]
  [1m[35m (1.0ms)[0m  [1m[36mcommit transaction[0m
Redirected to http://localhost:3000/books/1
Completed 302 Found in 6ms (ActiveRecord: 1.5ms)


Started GET "/books/1" for ::1 at 2019-11-15 10:37:35 +0900
Processing by BooksController#show as HTML
  Parameters: {"id"=>"1"}
  [1m[36mBook Load (0.1ms)[0m  [1m[34mSELECT  "books".* FROM "books" WHERE "books"."id" = ? LIMIT ?[0m  [["id", 1], ["LIMIT", 1]]
  Rendering books/show.html.erb within layouts/application
  Rendered books/show.html.erb within layouts/application (0.9ms)
Completed 200 OK in 22ms (Views: 19.4ms | ActiveRecord: 0.1ms)


Started GET "/books" for ::1 at 2019-11-15 10:37:38 +0900
Processing by BooksController#index as HTML
  Rendering books/index.html.erb within layouts/application
  [1m[36mBook Load (0.2ms)[0m  [1m[34mSELECT "books".* FROM "books"[0m
  Rendered books/index.html.erb within layouts/application (5.7ms)
Completed 200 OK in 38ms (Views: 34.1ms | ActiveRecord: 0.2ms)


Started GET "/books/3" for ::1 at 2019-11-15 10:41:50 +0900
  [1m[35m (1.2ms)[0m  [1m[34mSELECT "schema_migrations"."version" FROM "schema_migrations" ORDER BY "schema_migrations"."version" ASC[0m
Processing by BooksController#show as HTML
  Parameters: {"id"=>"3"}
  [1m[36mBook Load (0.1ms)[0m  [1m[34mSELECT  "books".* FROM "books" WHERE "books"."id" = ? LIMIT ?[0m  [["id", 3], ["LIMIT", 1]]
  Rendering books/show.html.erb within layouts/application
  Rendered books/show.html.erb within layouts/application (1.2ms)
Completed 200 OK in 282ms (Views: 263.6ms | ActiveRecord: 1.2ms)


Started GET "/books" for ::1 at 2019-11-15 10:41:53 +0900
Processing by BooksController#index as HTML
  Rendering books/index.html.erb within layouts/application
  [1m[36mBook Load (0.2ms)[0m  [1m[34mSELECT "books".* FROM "books"[0m
  Rendered books/index.html.erb within layouts/application (7.5ms)
Completed 200 OK in 37ms (Views: 33.2ms | ActiveRecord: 0.5ms)


Started DELETE "/books/3" for ::1 at 2019-11-15 10:41:56 +0900
Processing by BooksController#destroy as HTML
  Parameters: {"authenticity_token"=>"vLqJMSvzDScV52GiYnZBcm1F/J7ONwhjk/CEDKjhMnpGiSkY1fMgNqwALSceyTiOpDJm/sSzj+XoiA1LW0oYMg==", "id"=>"3"}
  [1m[36mBook Load (0.1ms)[0m  [1m[34mSELECT  "books".* FROM "books" WHERE "books"."id" = ? LIMIT ?[0m  [["id", 3], ["LIMIT", 1]]
  [1m[35m (0.9ms)[0m  [1m[36mbegin transaction[0m
  [1m[35mSQL (0.4ms)[0m  [1m[31mDELETE FROM "books" WHERE "books"."id" = ?[0m  [["id", 3]]
  [1m[35m (1.6ms)[0m  [1m[36mcommit transaction[0m
Redirected to http://localhost:3000/books
Completed 302 Found in 9ms (ActiveRecord: 3.0ms)


Started GET "/books" for ::1 at 2019-11-15 10:41:56 +0900
Processing by BooksController#index as HTML
  Rendering books/index.html.erb within layouts/application
  [1m[36mBook Load (0.2ms)[0m  [1m[34mSELECT "books".* FROM "books"[0m
  Rendered books/index.html.erb within layouts/application (3.8ms)
Completed 200 OK in 35ms (Views: 32.3ms | ActiveRecord: 0.2ms)


  [1m[35m (0.1ms)[0m  [1m[34mSELECT "schema_migrations"."version" FROM "schema_migrations" ORDER BY "schema_migrations"."version" ASC[0m
Migrating to AddAuthorToBooks (20191115022334)
  [1m[35m (0.1ms)[0m  [1m[36mbegin transaction[0m
  [1m[35m (0.8ms)[0m  [1m[35mALTER TABLE "books" ADD "author" varchar[0m
  [1m[35mSQL (0.3ms)[0m  [1m[32mINSERT INTO "schema_migrations" ("version") VALUES (?)[0m  [["version", "20191115022334"]]
  [1m[35m (0.8ms)[0m  [1m[36mcommit transaction[0m
  [1m[36mActiveRecord::InternalMetadata Load (0.1ms)[0m  [1m[34mSELECT  "ar_internal_metadata".* FROM "ar_internal_metadata" WHERE "ar_internal_metadata"."key" = ? LIMIT ?[0m  [["key", "environment"], ["LIMIT", 1]]
  [1m[35m (0.0ms)[0m  [1m[36mbegin transaction[0m
  [1m[35m (0.0ms)[0m  [1m[36mcommit transaction[0m
  [1m[35m (0.1ms)[0m  [1m[34mSELECT "schema_migrations"."version" FROM "schema_migrations" ORDER BY "schema_migrations"."version" ASC[0m
Started GET "/books" for ::1 at 2019-11-15 11:42:28 +0900
  [1m[35m (0.1ms)[0m  [1m[34mSELECT "schema_migrations"."version" FROM "schema_migrations" ORDER BY "schema_migrations"."version" ASC[0m
Processing by BooksController#index as HTML
  Rendering books/index.html.erb within layouts/application
  [1m[36mBook Load (0.2ms)[0m  [1m[34mSELECT "books".* FROM "books"[0m
  Rendered books/index.html.erb within layouts/application (9.6ms)
Completed 200 OK in 263ms (Views: 251.2ms | ActiveRecord: 0.6ms)


Started GET "/books/new" for ::1 at 2019-11-15 11:43:31 +0900
Processing by BooksController#new as HTML
  Rendering books/new.html.erb within layouts/application
  Rendered books/_form.html.erb (38.4ms)
  Rendered books/new.html.erb within layouts/application (43.1ms)
Completed 200 OK in 76ms (Views: 73.5ms | ActiveRecord: 0.0ms)


Started POST "/books" for ::1 at 2019-11-15 11:43:33 +0900
Processing by BooksController#create as HTML
  Parameters: {"utf8"=>"âœ“", "authenticity_token"=>"fK2JgJBskzXTeXSLLAu2lKYWtleAp1BRmZNAT8peth7MF8Y+b1WZsCjPj0pRWtnlFXL2U9ZU5Tu8tLYh0UcG1g==", "book"=>{"title"=>"", "memo"=>"", "author"=>""}, "commit"=>"Create Book"}
  [1m[35m (0.1ms)[0m  [1m[36mbegin transaction[0m
  [1m[35mSQL (1.1ms)[0m  [1m[32mINSERT INTO "books" ("title", "memo", "created_at", "updated_at", "author") VALUES (?, ?, ?, ?, ?)[0m  [["title", ""], ["memo", ""], ["created_at", "2019-11-15 02:43:33.886158"], ["updated_at", "2019-11-15 02:43:33.886158"], ["author", ""]]
  [1m[35m (1.6ms)[0m  [1m[36mcommit transaction[0m
Redirected to http://localhost:3000/books/4
Completed 302 Found in 20ms (ActiveRecord: 3.0ms)


Started GET "/books/4" for ::1 at 2019-11-15 11:43:33 +0900
Processing by BooksController#show as HTML
  Parameters: {"id"=>"4"}
  [1m[36mBook Load (0.2ms)[0m  [1m[34mSELECT  "books".* FROM "books" WHERE "books"."id" = ? LIMIT ?[0m  [["id", 4], ["LIMIT", 1]]
  Rendering books/show.html.erb within layouts/application
  Rendered books/show.html.erb within layouts/application (1.0ms)
Completed 200 OK in 18ms (Views: 11.5ms | ActiveRecord: 0.2ms)


Started GET "/books" for ::1 at 2019-11-15 11:43:35 +0900
Processing by BooksController#index as HTML
  Rendering books/index.html.erb within layouts/application
  [1m[36mBook Load (0.3ms)[0m  [1m[34mSELECT "books".* FROM "books"[0m
  Rendered books/index.html.erb within layouts/application (3.5ms)
Completed 200 OK in 22ms (Views: 19.4ms | ActiveRecord: 0.3ms)


Started GET "/books/new" for ::1 at 2019-11-15 11:43:42 +0900
Processing by BooksController#new as HTML
  Rendering books/new.html.erb within layouts/application
  Rendered books/_form.html.erb (3.8ms)
  Rendered books/new.html.erb within layouts/application (4.8ms)
Completed 200 OK in 21ms (Views: 19.6ms | ActiveRecord: 0.0ms)


Started POST "/books" for ::1 at 2019-11-15 11:44:51 +0900
Processing by BooksController#create as HTML
  Parameters: {"utf8"=>"âœ“", "authenticity_token"=>"FMALfoWhfe8gMWsXN5brYLMyyFdNNX7RpfE19LMYsWikekTAeph3atuHkNZKx4QRAFaIUxvGy7uA1sOaqAEBoA==", "book"=>{"title"=>"railsã®æ•™ç§‘æ›¸", "memo"=>"railsã®å‹‰å¼·ãªã‚‰ã“ã‚Œï¼", "author"=>"ãƒ—ãƒ¼ãƒãƒ³"}, "commit"=>"Create Book"}
  [1m[35m (0.1ms)[0m  [1m[36mbegin transaction[0m
  [1m[35mSQL (0.6ms)[0m  [1m[32mINSERT INTO "books" ("title", "memo", "created_at", "updated_at", "author") VALUES (?, ?, ?, ?, ?)[0m  [["title", "railsã®æ•™ç§‘æ›¸"], ["memo", "railsã®å‹‰å¼·ãªã‚‰ã“ã‚Œï¼"], ["created_at", "2019-11-15 02:44:51.851825"], ["updated_at", "2019-11-15 02:44:51.851825"], ["author", "ãƒ—ãƒ¼ãƒãƒ³"]]
  [1m[35m (1.3ms)[0m  [1m[36mcommit transaction[0m
Redirected to http://localhost:3000/books/5
Completed 302 Found in 6ms (ActiveRecord: 2.0ms)


Started GET "/books/5" for ::1 at 2019-11-15 11:44:51 +0900
Processing by BooksController#show as HTML
  Parameters: {"id"=>"5"}
  [1m[36mBook Load (0.2ms)[0m  [1m[34mSELECT  "books".* FROM "books" WHERE "books"."id" = ? LIMIT ?[0m  [["id", 5], ["LIMIT", 1]]
  Rendering books/show.html.erb within layouts/application
  Rendered books/show.html.erb within layouts/application (0.6ms)
Completed 200 OK in 20ms (Views: 18.1ms | ActiveRecord: 0.2ms)


Started GET "/books" for ::1 at 2019-11-15 11:44:53 +0900
Processing by BooksController#index as HTML
  Rendering books/index.html.erb within layouts/application
  [1m[36mBook Load (0.2ms)[0m  [1m[34mSELECT "books".* FROM "books"[0m
  Rendered books/index.html.erb within layouts/application (3.4ms)
Completed 200 OK in 20ms (Views: 18.5ms | ActiveRecord: 0.2ms)


  [1m[36mBook Load (0.3ms)[0m  [1m[34mSELECT  "books".* FROM "books" ORDER BY "books"."id" ASC LIMIT ?[0m  [["LIMIT", 1]]
Started GET "/books" for ::1 at 2019-11-15 12:19:09 +0900
  [1m[35m (0.1ms)[0m  [1m[34mSELECT "schema_migrations"."version" FROM "schema_migrations" ORDER BY "schema_migrations"."version" ASC[0m
  
ActiveRecord::PendingMigrationError (

Migrations are pending. To resolve this issue, run:

        bin/rails db:migrate RAILS_ENV=development

):
  
activerecord (5.1.7) lib/active_record/migration.rb:576:in `check_pending!'
activerecord (5.1.7) lib/active_record/migration.rb:553:in `call'
actionpack (5.1.7) lib/action_dispatch/middleware/callbacks.rb:26:in `block in call'
activesupport (5.1.7) lib/active_support/callbacks.rb:97:in `run_callbacks'
actionpack (5.1.7) lib/action_dispatch/middleware/callbacks.rb:24:in `call'
actionpack (5.1.7) lib/action_dispatch/middleware/executor.rb:12:in `call'
actionpack (5.1.7) lib/action_dispatch/middleware/debug_exceptions.rb:59:in `call'
web-console (3.7.0) lib/web_console/middleware.rb:135:in `call_app'
web-console (3.7.0) lib/web_console/middleware.rb:30:in `block in call'
web-console (3.7.0) lib/web_console/middleware.rb:20:in `catch'
web-console (3.7.0) lib/web_console/middleware.rb:20:in `call'
actionpack (5.1.7) lib/action_dispatch/middleware/show_exceptions.rb:31:in `call'
railties (5.1.7) lib/rails/rack/logger.rb:36:in `call_app'
railties (5.1.7) lib/rails/rack/logger.rb:24:in `block in call'
activesupport (5.1.7) lib/active_support/tagged_logging.rb:69:in `block in tagged'
activesupport (5.1.7) lib/active_support/tagged_logging.rb:26:in `tagged'
activesupport (5.1.7) lib/active_support/tagged_logging.rb:69:in `tagged'
railties (5.1.7) lib/rails/rack/logger.rb:24:in `call'
sprockets-rails (3.2.1) lib/sprockets/rails/quiet_assets.rb:13:in `call'
actionpack (5.1.7) lib/action_dispatch/middleware/remote_ip.rb:79:in `call'
actionpack (5.1.7) lib/action_dispatch/middleware/request_id.rb:25:in `call'
rack (2.0.7) lib/rack/method_override.rb:22:in `call'
rack (2.0.7) lib/rack/runtime.rb:22:in `call'
activesupport (5.1.7) lib/active_support/cache/strategy/local_cache_middleware.rb:27:in `call'
actionpack (5.1.7) lib/action_dispatch/middleware/executor.rb:12:in `call'
actionpack (5.1.7) lib/action_dispatch/middleware/static.rb:125:in `call'
rack (2.0.7) lib/rack/sendfile.rb:111:in `call'
railties (5.1.7) lib/rails/engine.rb:522:in `call'
puma (3.12.1) lib/puma/configuration.rb:227:in `call'
puma (3.12.1) lib/puma/server.rb:660:in `handle_request'
puma (3.12.1) lib/puma/server.rb:474:in `process_client'
puma (3.12.1) lib/puma/server.rb:334:in `block in run'
puma (3.12.1) lib/puma/thread_pool.rb:135:in `block in spawn_thread'
  [1m[35m (0.4ms)[0m  [1m[34mSELECT "schema_migrations"."version" FROM "schema_migrations" ORDER BY "schema_migrations"."version" ASC[0m
Migrating to AddPictureToBooks (20191115030017)
  [1m[35m (0.0ms)[0m  [1m[36mbegin transaction[0m
  [1m[35m (0.6ms)[0m  [1m[35mALTER TABLE "books" ADD "picture" varchar[0m
  [1m[35mSQL (0.4ms)[0m  [1m[32mINSERT INTO "schema_migrations" ("version") VALUES (?)[0m  [["version", "20191115030017"]]
  [1m[35m (0.7ms)[0m  [1m[36mcommit transaction[0m
  [1m[36mActiveRecord::InternalMetadata Load (0.5ms)[0m  [1m[34mSELECT  "ar_internal_metadata".* FROM "ar_internal_metadata" WHERE "ar_internal_metadata"."key" = ? LIMIT ?[0m  [["key", "environment"], ["LIMIT", 1]]
  [1m[35m (0.0ms)[0m  [1m[36mbegin transaction[0m
  [1m[35m (0.0ms)[0m  [1m[36mcommit transaction[0m
  [1m[35m (0.1ms)[0m  [1m[34mSELECT "schema_migrations"."version" FROM "schema_migrations" ORDER BY "schema_migrations"."version" ASC[0m
Started GET "/books" for ::1 at 2019-11-15 12:21:27 +0900
  [1m[35m (0.2ms)[0m  [1m[34mSELECT "schema_migrations"."version" FROM "schema_migrations" ORDER BY "schema_migrations"."version" ASC[0m
Processing by BooksController#index as HTML
  Rendering books/index.html.erb within layouts/application
  [1m[36mBook Load (0.2ms)[0m  [1m[34mSELECT "books".* FROM "books"[0m
  Rendered books/index.html.erb within layouts/application (10.8ms)
Completed 200 OK in 215ms (Views: 201.2ms | ActiveRecord: 0.6ms)


Started GET "/books/1" for ::1 at 2019-11-15 12:21:39 +0900
Processing by BooksController#show as HTML
  Parameters: {"id"=>"1"}
  [1m[36mBook Load (0.2ms)[0m  [1m[34mSELECT  "books".* FROM "books" WHERE "books"."id" = ? LIMIT ?[0m  [["id", 1], ["LIMIT", 1]]
  Rendering books/show.html.erb within layouts/application
  Rendered books/show.html.erb within layouts/application (0.8ms)
Completed 200 OK in 48ms (Views: 42.8ms | ActiveRecord: 0.5ms)


Started GET "/books" for ::1 at 2019-11-15 12:21:43 +0900
Processing by BooksController#index as HTML
  Rendering books/index.html.erb within layouts/application
  [1m[36mBook Load (0.2ms)[0m  [1m[34mSELECT "books".* FROM "books"[0m
  Rendered books/index.html.erb within layouts/application (6.7ms)
Completed 200 OK in 41ms (Views: 38.2ms | ActiveRecord: 0.2ms)


Started GET "/books/2/edit" for ::1 at 2019-11-15 12:21:49 +0900
Processing by BooksController#edit as HTML
  Parameters: {"id"=>"2"}
  [1m[36mBook Load (0.3ms)[0m  [1m[34mSELECT  "books".* FROM "books" WHERE "books"."id" = ? LIMIT ?[0m  [["id", 2], ["LIMIT", 1]]
  Rendering books/edit.html.erb within layouts/application
  Rendered books/_form.html.erb (24.7ms)
  Rendered books/edit.html.erb within layouts/application (27.7ms)
Completed 200 OK in 49ms (Views: 44.1ms | ActiveRecord: 0.3ms)


Started GET "/books" for ::1 at 2019-11-15 12:21:53 +0900
Processing by BooksController#index as HTML
  Rendering books/index.html.erb within layouts/application
  [1m[36mBook Load (0.2ms)[0m  [1m[34mSELECT "books".* FROM "books"[0m
  Rendered books/index.html.erb within layouts/application (3.3ms)
Completed 200 OK in 26ms (Views: 23.7ms | ActiveRecord: 0.2ms)


Started GET "/books/1/edit" for ::1 at 2019-11-15 12:21:54 +0900
Processing by BooksController#edit as HTML
  Parameters: {"id"=>"1"}
  [1m[36mBook Load (0.1ms)[0m  [1m[34mSELECT  "books".* FROM "books" WHERE "books"."id" = ? LIMIT ?[0m  [["id", 1], ["LIMIT", 1]]
  Rendering books/edit.html.erb within layouts/application
  Rendered books/_form.html.erb (2.2ms)
  Rendered books/edit.html.erb within layouts/application (3.6ms)
Completed 200 OK in 16ms (Views: 13.7ms | ActiveRecord: 0.1ms)


Started PATCH "/books/1" for ::1 at 2019-11-15 12:22:04 +0900
Processing by BooksController#update as HTML
  Parameters: {"utf8"=>"âœ“", "authenticity_token"=>"n3gokqmX/8BRPNpjiX1tqZs80Lkcmq1MeV9c3pm58ifnErSWdvRG0feh+oAigmvXEjHD+bni+2iJGsjyOoAJXA==", "book"=>{"title"=>"æœ‰ã‚Šé‡‘ã¯å…¨éƒ¨æ¨ã¦ã‚", "memo"=>"ãƒ›ãƒªã‚¨ãƒ¢ãƒ³ã®æœ¬ã‚„ã§ã€‚", "author"=>"", "picture"=>#<ActionDispatch::Http::UploadedFile:0x00007fa48a00ba78 @tempfile=#<Tempfile:/var/folders/2p/nk9kwg591jl61ndyvqnng9q40000gn/T/RackMultipart20191115-61852-1stj0sn.png>, @original_filename="ã‚¹ã‚¯ãƒªãƒ¼ãƒ³ã‚·ãƒ§ãƒƒãƒˆ 2019-11-11 13.17.14.png", @content_type="image/png", @headers="Content-Disposition: form-data; name=\"book[picture]\"; filename=\"\xE3\x82\xB9\xE3\x82\xAF\xE3\x83\xAA\xE3\x83\xBC\xE3\x83\xB3\xE3\x82\xB7\xE3\x83\xA7\xE3\x83\x83\xE3\x83\x88 2019-11-11 13.17.14.png\"\r\nContent-Type: image/png\r\n">}, "commit"=>"Update Book", "id"=>"1"}
  [1m[36mBook Load (0.2ms)[0m  [1m[34mSELECT  "books".* FROM "books" WHERE "books"."id" = ? LIMIT ?[0m  [["id", 1], ["LIMIT", 1]]
  [1m[35m (0.1ms)[0m  [1m[36mbegin transaction[0m
  [1m[35mSQL (0.4ms)[0m  [1m[33mUPDATE "books" SET "author" = ?, "picture" = ?, "updated_at" = ? WHERE "books"."id" = ?[0m  [["author", ""], ["picture", "ã‚¹ã‚¯ãƒªãƒ¼ãƒ³ã‚·ãƒ§ãƒƒãƒˆ_2019-11-11_13.17.14.png"], ["updated_at", "2019-11-15 03:22:04.302081"], ["id", 1]]
  [1m[35m (1.1ms)[0m  [1m[36mcommit transaction[0m
Redirected to http://localhost:3000/books/1
Completed 302 Found in 16ms (ActiveRecord: 1.7ms)


Started GET "/books/1" for ::1 at 2019-11-15 12:22:04 +0900
Processing by BooksController#show as HTML
  Parameters: {"id"=>"1"}
  [1m[36mBook Load (0.1ms)[0m  [1m[34mSELECT  "books".* FROM "books" WHERE "books"."id" = ? LIMIT ?[0m  [["id", 1], ["LIMIT", 1]]
  Rendering books/show.html.erb within layouts/application
  Rendered books/show.html.erb within layouts/application (1.4ms)
Completed 200 OK in 15ms (Views: 13.1ms | ActiveRecord: 0.1ms)


Started GET "/books" for ::1 at 2019-11-15 12:22:07 +0900
Processing by BooksController#index as HTML
  Rendering books/index.html.erb within layouts/application
  [1m[36mBook Load (0.2ms)[0m  [1m[34mSELECT "books".* FROM "books"[0m
  Rendered books/index.html.erb within layouts/application (4.0ms)
Completed 200 OK in 24ms (Views: 23.0ms | ActiveRecord: 0.2ms)


Started GET "/books/1" for ::1 at 2019-11-15 12:22:11 +0900
Processing by BooksController#show as HTML
  Parameters: {"id"=>"1"}
  [1m[36mBook Load (0.2ms)[0m  [1m[34mSELECT  "books".* FROM "books" WHERE "books"."id" = ? LIMIT ?[0m  [["id", 1], ["LIMIT", 1]]
  Rendering books/show.html.erb within layouts/application
  Rendered books/show.html.erb within layouts/application (1.7ms)
Completed 200 OK in 24ms (Views: 21.2ms | ActiveRecord: 0.2ms)


Started GET "/books" for ::1 at 2019-11-15 12:22:14 +0900
Processing by BooksController#index as HTML
  Rendering books/index.html.erb within layouts/application
  [1m[36mBook Load (0.3ms)[0m  [1m[34mSELECT "books".* FROM "books"[0m
  Rendered books/index.html.erb within layouts/application (4.9ms)
Completed 200 OK in 29ms (Views: 24.6ms | ActiveRecord: 0.3ms)


